1534441748301	geckodriver	INFO	geckodriver 0.21.0
1534441748310	geckodriver	INFO	Listening on 127.0.0.1:49285
1534441748374	mozrunner::runner	INFO	Running command: "/Applications/Firefox.app/Contents/MacOS/firefox-bin" "-marionette" "-foreground" "-no-remote" "-profile" "/var/folders/yv/m71sm8zn6g5fm9x_gjff8b340000gp/T/rust_mozprofile.7iJWmzY6k1Wg"
2018-08-16 23:19:11.859 plugin-container[1117:15316] *** CFMessagePort: bootstrap_register(): failed 1100 (0x44c) 'Permission denied', port = 0x8403, name = 'com.apple.tsm.portname'
See /usr/include/servers/bootstrap_defs.h for the error codes.
2018-08-16 23:19:11.973 plugin-container[1118:15342] *** CFMessagePort: bootstrap_register(): failed 1100 (0x44c) 'Permission denied', port = 0x7a3f, name = 'com.apple.tsm.portname'
See /usr/include/servers/bootstrap_defs.h for the error codes.
1534441752322	Marionette	INFO	Listening on port 49294
1534441752416	Marionette	WARN	TLS certificate errors will be ignored for this session
2018-08-16 23:19:13.200 plugin-container[1119:15489] *** CFMessagePort: bootstrap_register(): failed 1100 (0x44c) 'Permission denied', port = 0x753f, name = 'com.apple.tsm.portname'
See /usr/include/servers/bootstrap_defs.h for the error codes.
1534441814357	geckodriver	INFO	geckodriver 0.21.0
1534441814367	geckodriver	INFO	Listening on 127.0.0.1:49518
1534441815387	mozrunner::runner	INFO	Running command: "/Applications/Firefox.app/Contents/MacOS/firefox-bin" "-marionette" "-foreground" "-no-remote" "-profile" "/var/folders/yv/m71sm8zn6g5fm9x_gjff8b340000gp/T/rust_mozprofile.jMQgsLciaWbB"
2018-08-16 23:20:17.931 plugin-container[1133:16126] *** CFMessagePort: bootstrap_register(): failed 1100 (0x44c) 'Permission denied', port = 0x7543, name = 'com.apple.tsm.portname'
See /usr/include/servers/bootstrap_defs.h for the error codes.
2018-08-16 23:20:18.313 plugin-container[1134:16149] *** CFMessagePort: bootstrap_register(): failed 1100 (0x44c) 'Permission denied', port = 0x7543, name = 'com.apple.tsm.portname'
See /usr/include/servers/bootstrap_defs.h for the error codes.
1534441818639	Marionette	INFO	Listening on port 49529
1534441818694	Marionette	WARN	TLS certificate errors will be ignored for this session
2018-08-16 23:20:19.398 plugin-container[1135:16288] *** CFMessagePort: bootstrap_register(): failed 1100 (0x44c) 'Permission denied', port = 0x733f, name = 'com.apple.tsm.portname'
See /usr/include/servers/bootstrap_defs.h for the error codes.
2018-08-16 23:23:20.529 plugin-container[1169:18958] *** CFMessagePort: bootstrap_register(): failed 1100 (0x44c) 'Permission denied', port = 0x8a3f, name = 'com.apple.tsm.portname'
See /usr/include/servers/bootstrap_defs.h for the error codes.
2018-08-16 23:23:25.352 plugin-container[1170:19068] *** CFMessagePort: bootstrap_register(): failed 1100 (0x44c) 'Permission denied', port = 0x793f, name = 'com.apple.tsm.portname'
See /usr/include/servers/bootstrap_defs.h for the error codes.
